<?xml version="1.0" encoding="UTF-8"?>
<!-- Generated by org.testng.reporters.JUnitReportReporter -->
<testsuite hostname="SRK-PC" failures="0" tests="5" name="tests.ToolsQAFormTest" time="100.838" errors="0" timestamp="2024-06-01T21:46:39 IST" skipped="0">
  <testcase classname="tests.ToolsQAFormTest" name="testFormFill" time="20.140"/>
  <testcase classname="tests.ToolsQAFormTest" name="testFormFill" time="18.610"/>
  <testcase classname="tests.ToolsQAFormTest" name="testFormFill" time="20.110"/>
  <testcase classname="tests.ToolsQAFormTest" name="testFormFill" time="22.429"/>
  <testcase classname="tests.ToolsQAFormTest" name="testFormFill" time="19.549"/>
</testsuite> <!-- tests.ToolsQAFormTest -->
