<?xml version="1.0" encoding="UTF-8"?>
<!-- Generated by org.testng.reporters.JUnitReportReporter -->
<testsuite hostname="SRK-PC" failures="0" tests="1" name="tests.WebTableTest" time="28.656" errors="0" timestamp="2024-06-01T23:15:05 IST" skipped="0">
  <testcase classname="tests.WebTableTest" name="ImportWebTable" time="28.656"/>
</testsuite> <!-- tests.WebTableTest -->
