<?xml version="1.0" encoding="UTF-8"?>
<!-- Generated by org.testng.reporters.JUnitReportReporter -->
<testsuite hostname="SRK-PC" failures="0" tests="5" name="tests.OrangeLoginTest" time="78.235" errors="0" timestamp="2024-06-01T09:03:15 IST" skipped="0">
  <testcase classname="tests.OrangeLoginTest" name="loginApp" time="14.610"/>
  <testcase classname="tests.OrangeLoginTest" name="loginApp" time="14.122"/>
  <testcase classname="tests.OrangeLoginTest" name="loginApp" time="15.705"/>
  <testcase classname="tests.OrangeLoginTest" name="loginApp" time="16.724"/>
  <testcase classname="tests.OrangeLoginTest" name="loginApp" time="17.074"/>
</testsuite> <!-- tests.OrangeLoginTest -->
